TN:
SF:tvchannels.js
FN:2,(anonymous_0)
FN:11,(anonymous_1)
FN:20,(anonymous_2)
FN:27,(anonymous_3)
FN:28,(anonymous_4)
FN:37,(anonymous_5)
FN:38,(anonymous_6)
FN:41,(anonymous_7)
FN:47,(anonymous_8)
FN:53,(anonymous_9)
FN:53,(anonymous_10)
FN:58,(anonymous_11)
FN:69,(anonymous_12)
FN:70,(anonymous_13)
FN:74,(anonymous_14)
FN:77,(anonymous_15)
FN:79,(anonymous_16)
FN:80,(anonymous_17)
FN:90,(anonymous_18)
FN:108,(anonymous_19)
FNF:20
FNH:20
FNDA:46,(anonymous_0)
FNDA:1,(anonymous_1)
FNDA:11,(anonymous_2)
FNDA:46,(anonymous_3)
FNDA:91,(anonymous_4)
FNDA:2,(anonymous_5)
FNDA:10,(anonymous_6)
FNDA:5,(anonymous_7)
FNDA:1,(anonymous_8)
FNDA:2,(anonymous_9)
FNDA:5,(anonymous_10)
FNDA:23,(anonymous_11)
FNDA:3,(anonymous_12)
FNDA:8,(anonymous_13)
FNDA:1,(anonymous_14)
FNDA:1,(anonymous_15)
FNDA:3,(anonymous_16)
FNDA:6,(anonymous_17)
FNDA:3,(anonymous_18)
FNDA:3,(anonymous_19)
DA:3,46
DA:4,46
DA:5,46
DA:6,46
DA:12,1
DA:13,1
DA:21,11
DA:22,11
DA:28,91
DA:29,46
DA:30,1
DA:32,45
DA:37,11
DA:38,10
DA:39,2
DA:40,1
DA:41,5
DA:42,1
DA:47,11
DA:53,11
DA:58,11
DA:59,23
DA:60,1
DA:62,22
DA:64,22
DA:70,8
DA:74,11
DA:77,11
DA:78,1
DA:79,1
DA:80,6
DA:82,1
DA:90,11
DA:91,3
DA:92,1
DA:95,2
DA:96,1
DA:98,1
DA:110,3
DA:111,1
DA:113,2
DA:114,1
DA:116,1
DA:122,1
LF:44
LH:44
BRDA:29,0,0,1
BRDA:29,0,1,45
BRDA:39,1,0,1
BRDA:39,1,1,1
BRDA:59,2,0,1
BRDA:59,2,1,22
BRDA:91,3,0,1
BRDA:91,3,1,2
BRDA:95,4,0,1
BRDA:95,4,1,1
BRDA:110,5,0,1
BRDA:110,5,1,2
BRDA:113,6,0,1
BRDA:113,6,1,1
BRF:14
BRH:14
end_of_record
