TN:
SF:tvchannels.js
FN:2,(anonymous_0)
FN:11,(anonymous_1)
FN:20,(anonymous_2)
FN:27,(anonymous_3)
FN:28,(anonymous_4)
FN:37,(anonymous_5)
FN:38,(anonymous_6)
FN:41,(anonymous_7)
FN:47,(anonymous_8)
FN:53,(anonymous_9)
FN:53,(anonymous_10)
FN:58,(anonymous_11)
FN:69,(anonymous_12)
FN:70,(anonymous_13)
FN:74,(anonymous_14)
FN:77,(anonymous_15)
FN:79,(anonymous_16)
FN:80,(anonymous_17)
FN:90,(anonymous_18)
FN:108,(anonymous_19)
FNF:20
FNH:14
FNDA:16,(anonymous_0)
FNDA:1,(anonymous_1)
FNDA:3,(anonymous_2)
FNDA:16,(anonymous_3)
FNDA:31,(anonymous_4)
FNDA:2,(anonymous_5)
FNDA:10,(anonymous_6)
FNDA:5,(anonymous_7)
FNDA:1,(anonymous_8)
FNDA:2,(anonymous_9)
FNDA:5,(anonymous_10)
FNDA:5,(anonymous_11)
FNDA:3,(anonymous_12)
FNDA:8,(anonymous_13)
FNDA:0,(anonymous_14)
FNDA:0,(anonymous_15)
FNDA:0,(anonymous_16)
FNDA:0,(anonymous_17)
FNDA:0,(anonymous_18)
FNDA:0,(anonymous_19)
DA:3,16
DA:4,16
DA:5,16
DA:6,16
DA:12,1
DA:13,1
DA:21,3
DA:22,3
DA:28,31
DA:29,16
DA:30,1
DA:32,15
DA:37,3
DA:38,10
DA:39,2
DA:40,1
DA:41,5
DA:42,1
DA:47,3
DA:53,5
DA:58,3
DA:59,5
DA:60,1
DA:62,4
DA:64,4
DA:70,8
DA:74,3
DA:77,3
DA:78,0
DA:79,0
DA:80,0
DA:82,0
DA:90,3
DA:91,0
DA:92,0
DA:95,0
DA:96,0
DA:98,0
DA:110,0
DA:111,0
DA:113,0
DA:114,0
DA:116,0
DA:122,1
LF:44
LH:30
BRDA:29,0,0,1
BRDA:29,0,1,15
BRDA:39,1,0,1
BRDA:39,1,1,1
BRDA:59,2,0,1
BRDA:59,2,1,4
BRDA:91,3,0,0
BRDA:91,3,1,0
BRDA:95,4,0,0
BRDA:95,4,1,0
BRDA:110,5,0,0
BRDA:110,5,1,0
BRDA:113,6,0,0
BRDA:113,6,1,0
BRF:14
BRH:6
end_of_record
